#
# There is insufficient memory for the Java Runtime Environment to continue.
# Native memory allocation (malloc) failed to allocate 633744 bytes for Chunk::new
# Possible reasons:
#   The system is out of physical RAM or swap space
#   In 32 bit mode, the process size limit was hit
# Possible solutions:
#   Reduce memory load on the system
#   Increase physical memory or swap space
#   Check if swap backing store is full
#   Use 64 bit Java on a 64 bit OS
#   Decrease Java heap size (-Xmx/-Xms)
#   Decrease number of Java threads
#   Decrease Java thread stack sizes (-Xss)
#   Set larger code cache with -XX:ReservedCodeCacheSize=
# This output file may be truncated or incomplete.
#
#  Out of Memory Error (allocation.cpp:390), pid=2372, tid=4256
#
# JRE version: Java(TM) SE Runtime Environment (8.0_73-b02) (build 1.8.0_73-b02)
# Java VM: Java HotSpot(TM) 64-Bit Server VM (25.73-b02 mixed mode windows-amd64 compressed oops)
# Failed to write core dump. Minidumps are not enabled by default on client versions of Windows
#

---------------  T H R E A D  ---------------

Current thread (0x00000000175b0000):  JavaThread "C2 CompilerThread1" daemon [_thread_in_native, id=4256, stack(0x0000000017c30000,0x0000000017d30000)]

Stack: [0x0000000017c30000,0x0000000017d30000]
[error occurred during error reporting (printing stack bounds), id 0xc0000005]

Native frames: (J=compiled Java code, j=interpreted, Vv=VM code, C=native code)


Current CompileTask:
C2:   1951 1183       4       com.android.dx.ssa.SCCP::simulatePhi (169 bytes)


---------------  P R O C E S S  ---------------

Java Threads: ( => current thread )
  0x000000001775b000 JavaThread "pool-2-thread-4" [_thread_blocked, id=6096, stack(0x0000000018530000,0x0000000018630000)]
  0x0000000017751000 JavaThread "pool-2-thread-3" [_thread_blocked, id=3240, stack(0x0000000018430000,0x0000000018530000)]
  0x000000001774e000 JavaThread "pool-2-thread-2" [_thread_blocked, id=5392, stack(0x0000000018330000,0x0000000018430000)]
  0x0000000017745000 JavaThread "pool-3-thread-1" [_thread_blocked, id=3424, stack(0x0000000018230000,0x0000000018330000)]
  0x0000000017742800 JavaThread "pool-2-thread-1" [_thread_blocked, id=5076, stack(0x0000000018130000,0x0000000018230000)]
  0x00000000175c9000 JavaThread "Service Thread" daemon [_thread_blocked, id=2836, stack(0x0000000017f30000,0x0000000018030000)]
  0x00000000175c2000 JavaThread "C1 CompilerThread3" daemon [_thread_in_native, id=2000, stack(0x0000000017e30000,0x0000000017f30000)]
  0x00000000175be000 JavaThread "C2 CompilerThread2" daemon [_thread_in_native, id=3788, stack(0x0000000017d30000,0x0000000017e30000)]
=>0x00000000175b0000 JavaThread "C2 CompilerThread1" daemon [_thread_in_native, id=4256, stack(0x0000000017c30000,0x0000000017d30000)]
  0x0000000017563000 JavaThread "C2 CompilerThread0" daemon [_thread_in_native, id=5660, stack(0x0000000017b30000,0x0000000017c30000)]
  0x0000000017560800 JavaThread "Attach Listener" daemon [_thread_blocked, id=5212, stack(0x0000000017a30000,0x0000000017b30000)]
  0x000000001755f000 JavaThread "Signal Dispatcher" daemon [_thread_blocked, id=5616, stack(0x0000000017930000,0x0000000017a30000)]
  0x0000000002949800 JavaThread "Finalizer" daemon [_thread_in_Java, id=2636, stack(0x0000000017330000,0x0000000017430000)]
  0x0000000002943000 JavaThread "Reference Handler" daemon [_thread_blocked, id=3732, stack(0x0000000017230000,0x0000000017330000)]
  0x0000000002850800 JavaThread "main" [_thread_in_vm, id=3088, stack(0x0000000002750000,0x0000000002850000)]

Other Threads:
  0x0000000015469000 VMThread [stack: 0x0000000017130000,0x0000000017230000] [id=4120]
  0x00000000175d9000 WatcherThread [stack: 0x0000000018030000,0x0000000018130000] [id=3276]

VM state:not at safepoint (normal execution)

VM Mutex/Monitor currently owned by a thread: None

Heap:
 PSYoungGen      total 38400K, used 5560K [0x00000000eab00000, 0x00000000ed580000, 0x0000000100000000)
  eden space 33280K, 1% used [0x00000000eab00000,0x00000000eab6f770,0x00000000ecb80000)
  from space 5120K, 99% used [0x00000000ecb80000,0x00000000ed07eac8,0x00000000ed080000)
  to   space 5120K, 0% used [0x00000000ed080000,0x00000000ed080000,0x00000000ed580000)
 ParOldGen       total 87552K, used 1945K [0x00000000c0000000, 0x00000000c5580000, 0x00000000eab00000)
  object space 87552K, 2% used [0x00000000c0000000,0x00000000c01e6420,0x00000000c5580000)
 Metaspace       used 5909K, capacity 6832K, committed 7040K, reserved 1056768K
  class space    used 596K, capacity 616K, committed 640K, reserved 1048576K

Card table byte_map: [0x0000000011d10000,0x0000000011f20000] byte_map_base: 0x0000000011710000

Marking Bits: (ParMarkBitMap*) 0x0000000051a90600
 Begin Bits: [0x0000000012880000, 0x0000000013880000)
 End Bits:   [0x0000000013880000, 0x0000000014880000)

Polling page: 0x0000000000ea0000

CodeCache: size=245760Kb used=4753Kb max_used=4765Kb free=241006Kb
 bounds [0x0000000002950000, 0x0000000002e00000, 0x0000000011950000]
 total_blobs=1475 nmethods=1206 adapters=182
 compilation: enabled

Compilation events (10 events):
Event: 1.906 Thread 0x00000000175c2000 nmethod 1200 0x0000000002dcb150 code [0x0000000002dcb2c0, 0x0000000002dcb4d0]
Event: 1.906 Thread 0x00000000175c2000 1201       3       com.android.dx.rop.type.Type::compareTo (12 bytes)
Event: 1.906 Thread 0x00000000175c2000 nmethod 1201 0x0000000002df03d0 code [0x0000000002df0540, 0x0000000002df0768]
Event: 1.906 Thread 0x00000000175c2000 1198       3       com.android.dx.rop.code.RopMethod::<init> (53 bytes)
Event: 1.906 Thread 0x00000000175c2000 nmethod 1198 0x0000000002df0850 code [0x0000000002df09e0, 0x0000000002df0db8]
Event: 1.916 Thread 0x00000000175c2000 1204       3       com.android.dx.ssa.DeadCodeRemover::process (14 bytes)
Event: 1.917 Thread 0x00000000175c2000 nmethod 1204 0x0000000002df0f10 code [0x0000000002df1080, 0x0000000002df1278]
Event: 1.917 Thread 0x00000000175c2000 1205       3       com.android.dx.ssa.DeadCodeRemover::<init> (44 bytes)
Event: 1.917 Thread 0x00000000175c2000 nmethod 1205 0x0000000002df1350 code [0x0000000002df14e0, 0x0000000002df18d8]
Event: 1.949 Thread 0x00000000175c2000 1206       3       com.android.dx.rop.code.InsnList::contentEquals (54 bytes)

GC Heap History (2 events):
Event: 1.934 GC heap before
{Heap before GC invocations=1 (full 0):
 PSYoungGen      total 38400K, used 33280K [0x00000000eab00000, 0x00000000ed580000, 0x0000000100000000)
  eden space 33280K, 100% used [0x00000000eab00000,0x00000000ecb80000,0x00000000ecb80000)
  from space 5120K, 0% used [0x00000000ed080000,0x00000000ed080000,0x00000000ed580000)
  to   space 5120K, 0% used [0x00000000ecb80000,0x00000000ecb80000,0x00000000ed080000)
 ParOldGen       total 87552K, used 0K [0x00000000c0000000, 0x00000000c5580000, 0x00000000eab00000)
  object space 87552K, 0% used [0x00000000c0000000,0x00000000c0000000,0x00000000c5580000)
 Metaspace       used 5903K, capacity 6832K, committed 7040K, reserved 1056768K
  class space    used 596K, capacity 616K, committed 640K, reserved 1048576K
Event: 1.949 GC heap after
Heap after GC invocations=1 (full 0):
 PSYoungGen      total 38400K, used 5114K [0x00000000eab00000, 0x00000000ed580000, 0x0000000100000000)
  eden space 33280K, 0% used [0x00000000eab00000,0x00000000eab00000,0x00000000ecb80000)
  from space 5120K, 99% used [0x00000000ecb80000,0x00000000ed07eac8,0x00000000ed080000)
  to   space 5120K, 0% used [0x00000000ed080000,0x00000000ed080000,0x00000000ed580000)
 ParOldGen       total 87552K, used 1945K [0x00000000c0000000, 0x00000000c5580000, 0x00000000eab00000)
  object space 87552K, 2% used [0x00000000c0000000,0x00000000c01e6420,0x00000000c5580000)
 Metaspace       used 5903K, capacity 6832K, committed 7040K, reserved 1056768K
  class space    used 596K, capacity 616K, committed 640K, reserved 1048576K
}

Deoptimization events (10 events):
Event: 1.576 Thread 0x000000001774e000 Uncommon trap: reason=class_check action=maybe_recompile pc=0x0000000002c14570 method=com.android.dx.ssa.NormalSsaInsn.accept(Lcom/android/dx/ssa/SsaInsn$Visitor;)V @ 9
Event: 1.576 Thread 0x000000001774e000 Uncommon trap: reason=class_check action=maybe_recompile pc=0x0000000002c14570 method=com.android.dx.ssa.NormalSsaInsn.accept(Lcom/android/dx/ssa/SsaInsn$Visitor;)V @ 9
Event: 1.683 Thread 0x0000000017751000 Uncommon trap: reason=class_check action=maybe_recompile pc=0x0000000002c86bd0 method=com.android.dx.ssa.NormalSsaInsn.accept(Lcom/android/dx/ssa/SsaInsn$Visitor;)V @ 9
Event: 1.700 Thread 0x0000000017742800 Uncommon trap: reason=null_check action=make_not_entrant pc=0x0000000002c715a0 method=com.android.dx.rop.type.Type.equals(Ljava/lang/Object;)Z @ 8
Event: 1.843 Thread 0x000000001774e000 Uncommon trap: reason=class_check action=maybe_recompile pc=0x0000000002d78488 method=com.android.dx.ssa.SCCP.setLatticeValueTo(IILcom/android/dx/rop/cst/Constant;)Z @ 43
Event: 1.843 Thread 0x000000001774e000 Uncommon trap: reason=class_check action=maybe_recompile pc=0x0000000002d78488 method=com.android.dx.ssa.SCCP.setLatticeValueTo(IILcom/android/dx/rop/cst/Constant;)Z @ 43
Event: 1.843 Thread 0x000000001774e000 Uncommon trap: reason=bimorphic action=maybe_recompile pc=0x0000000002bfe80c method=java.util.HashMap.getNode(ILjava/lang/Object;)Ljava/util/HashMap$Node; @ 126
Event: 1.844 Thread 0x000000001774e000 Uncommon trap: reason=class_check action=maybe_recompile pc=0x0000000002d364f8 method=java.util.HashMap.putVal(ILjava/lang/Object;Ljava/lang/Object;ZZ)Ljava/lang/Object; @ 203
Event: 1.868 Thread 0x000000001774e000 Uncommon trap: reason=class_check action=maybe_recompile pc=0x0000000002d78488 method=com.android.dx.ssa.SCCP.setLatticeValueTo(IILcom/android/dx/rop/cst/Constant;)Z @ 43
Event: 1.868 Thread 0x000000001774e000 Uncommon trap: reason=class_check action=maybe_recompile pc=0x0000000002d78488 method=com.android.dx.ssa.SCCP.setLatticeValueTo(IILcom/android/dx/rop/cst/Constant;)Z @ 43

Internal exceptions (3 events):
Event: 0.121 Thread 0x0000000002850800 Exception <a 'java/lang/NoSuchMethodError': Method sun.misc.Unsafe.defineClass(Ljava/lang/String;[BII)Ljava/lang/Class; name or signature does not match> (0x00000000eab0d2d0) thrown at [D:\re\puppet\workspace\8-2-build-windows-amd64-cygwin\jdk8u73\6086\hotB2ä«8â¾?
Event: 0.121 Thread 0x0000000002850800 Exception <a 'java/lang/NoSuchMethodError': Method sun.misc.Unsafe.prefetchRead(Ljava/lang/Object;J)V name or signature does not match> (0x00000000eab0d5b8) thrown at [D:\re\puppet\workspace\8-2-build-windows-amd64-cygwin\jdk8u73\6086\hotspot\src\share\vm\°"æÁ3û?
Event: 1.700 Thread 0x0000000017742800 Implicit null exception at 0x0000000002c714a2 to 0x0000000002c71592

Events (10 events):
Event: 1.861 Thread 0x0000000002850800 DEOPT PACKING pc=0x0000000002c5b32d sp=0x000000000284e310
Event: 1.861 Thread 0x0000000002850800 DEOPT UNPACKING pc=0x000000000299787f sp=0x000000000284e100 mode 0
Event: 1.868 Thread 0x000000001774e000 Uncommon trap: trap_request=0xffffffde fr.pc=0x0000000002d78488
Event: 1.868 Thread 0x000000001774e000 DEOPT PACKING pc=0x0000000002d78488 sp=0x000000001842e950
Event: 1.868 Thread 0x000000001774e000 DEOPT UNPACKING pc=0x000000000299582a sp=0x000000001842e898 mode 2
Event: 1.868 Thread 0x000000001774e000 Uncommon trap: trap_request=0xffffffde fr.pc=0x0000000002d78488
Event: 1.868 Thread 0x000000001774e000 DEOPT PACKING pc=0x0000000002d78488 sp=0x000000001842e9f0
Event: 1.868 Thread 0x000000001774e000 DEOPT UNPACKING pc=0x000000000299582a sp=0x000000001842e948 mode 2
Event: 1.922 Executing VM operation: ParallelGCFailedAllocation
Event: 1.949 Executing VM operation: ParallelGCFailedAllocation done


Dynamic libraries:
0x00007ff7fce20000 - 0x00007ff7fce57000 	C:\Program Files\Java\jdk1.8.0_73\bin\java.exe
0x00007ff904170000 - 0x00007ff904319000 	C:\Windows\SYSTEM32\ntdll.dll
0x00007ff901a00000 - 0x00007ff901b3a000 	C:\Windows\system32\KERNEL32.DLL
0x00007ff901850000 - 0x00007ff90195f000 	C:\Windows\system32\KERNELBASE.dll
0x00007ff903cd0000 - 0x00007ff903d75000 	C:\Windows\system32\ADVAPI32.dll
0x00007ff903300000 - 0x00007ff903471000 	C:\Windows\system32\USER32.dll
0x00007ff8fef70000 - 0x00007ff8ff1ca000 	C:\Windows\WinSxS\amd64_microsoft.windows.common-controls_6595b64144ccf1df_6.0.9600.16384_none_62475f7becb72503\COMCTL32.dll
0x00007ff903240000 - 0x00007ff9032e7000 	C:\Windows\system32\msvcrt.dll
0x00007ff903a90000 - 0x00007ff903ae7000 	C:\Windows\SYSTEM32\sechost.dll
0x00007ff903100000 - 0x00007ff903236000 	C:\Windows\system32\RPCRT4.dll
0x00007ff9035c0000 - 0x00007ff903705000 	C:\Windows\system32\GDI32.dll
0x00007ff904130000 - 0x00007ff904164000 	C:\Windows\system32\IMM32.DLL
0x00007ff903480000 - 0x00007ff9035b9000 	C:\Windows\system32\MSCTF.dll
0x0000000050d20000 - 0x0000000050df2000 	C:\Program Files\Java\jdk1.8.0_73\jre\bin\msvcr100.dll
0x0000000051280000 - 0x0000000051b10000 	C:\Program Files\Java\jdk1.8.0_73\jre\bin\server\jvm.dll
0x00007ff8fa700000 - 0x00007ff8fa709000 	C:\Windows\SYSTEM32\WSOCK32.dll
0x00007ff8fd900000 - 0x00007ff8fd91f000 	C:\Windows\SYSTEM32\WINMM.dll
0x00007ff8ffe00000 - 0x00007ff8ffe0a000 	C:\Windows\SYSTEM32\VERSION.dll
0x00007ff9038e0000 - 0x00007ff9038e7000 	C:\Windows\system32\PSAPI.DLL
0x00007ff903710000 - 0x00007ff903768000 	C:\Windows\system32\WS2_32.dll
0x00007ff8fd8c0000 - 0x00007ff8fd8ea000 	C:\Windows\SYSTEM32\WINMMBASE.dll
0x00007ff904020000 - 0x00007ff904029000 	C:\Windows\system32\NSI.dll
0x00007ff901960000 - 0x00007ff9019aa000 	C:\Windows\SYSTEM32\cfgmgr32.dll
0x00007ff900370000 - 0x00007ff900396000 	C:\Windows\SYSTEM32\DEVOBJ.dll
0x0000000051190000 - 0x000000005119f000 	C:\Program Files\Java\jdk1.8.0_73\jre\bin\verify.dll
0x0000000051160000 - 0x0000000051189000 	C:\Program Files\Java\jdk1.8.0_73\jre\bin\java.dll
0x0000000051140000 - 0x0000000051156000 	C:\Program Files\Java\jdk1.8.0_73\jre\bin\zip.dll
0x00007ff901cf0000 - 0x00007ff9030fe000 	C:\Windows\system32\SHELL32.dll
0x00007ff903af0000 - 0x00007ff903cc7000 	C:\Windows\SYSTEM32\combase.dll
0x00007ff903de0000 - 0x00007ff903e31000 	C:\Windows\system32\SHLWAPI.dll
0x00007ff900050000 - 0x00007ff9000f1000 	C:\Windows\SYSTEM32\SHCORE.dll
0x00007ff9014f0000 - 0x00007ff901504000 	C:\Windows\SYSTEM32\profapi.dll

VM Arguments:
jvm_args: -Djava.awt.headless=true -Xmx1024M -Dfile.encoding=windows-1252 -Duser.country=ES -Duser.language=es -Duser.variant 
java_command: com.android.dx.command.Main --dex --force-jumbo --num-threads=4 --multi-dex --output C:\Users\ANDROID\AndroidStudioProjects\GridViewPropuesto02\app\build\intermediates\transforms\dex\debug\folders\1000\10\instant-run_6025ac1461bf43782403d6f3304a02d84e9d4a0a C:\Users\ANDROID\AndroidStudioProjects\GridViewPropuesto02\app\build\intermediates\incremental-runtime-classes\debug\instant-run.jar
java_class_path (initial): C:\Users\ANDROID\AppData\Local\Android\sdk\build-tools\24.0.1\lib\dx.jar
Launcher Type: SUN_STANDARD

Environment Variables:
PATH=C:\ProgramData\Oracle\Java\javapath;C:\Windows\system32;C:\Windows;C:\Windows\System32\Wbem;C:\Windows\System32\WindowsPowerShell\v1.0\
USERNAME=ANDROID
OS=Windows_NT
PROCESSOR_IDENTIFIER=Intel64 Family 6 Model 58 Stepping 9, GenuineIntel



---------------  S Y S T E M  ---------------

OS: Windows 8.1 , 64 bit Build 9600 (6.3.9600.16384)

CPU:total 8 (4 cores per cpu, 2 threads per core) family 6 model 58 stepping 9, cmov, cx8, fxsr, mmx, sse, sse2, sse3, ssse3, sse4.1, sse4.2, popcnt, avx, aes, clmul, erms, ht, tsc, tscinvbit, tscinv

Memory: 4k page, physical 8341960k(1968344k free), swap 8341960k(5536k free)

vm_info: Java HotSpot(TM) 64-Bit Server VM (25.73-b02) for windows-amd64 JRE (1.8.0_73-b02), built on Jan 29 2016 17:38:49 by "java_re" with MS VC++ 10.0 (VS2010)

time: Sat Aug 27 19:21:23 2016
elapsed time: 1 seconds (0d 0h 0m 1s)

